[discover] keyword "концесии": 99 набора
[discover] keyword "концесия": 4 набора
[discover] keyword "концесиите": 88 набора
[discover] keyword "концесионен": 10 набора
[discover] keyword "подземни богатства": 40 набора
[discover] keyword "морски плаж": 19 набора
[discover] keyword "морски плажове": 19 набора
[discover] tag 762: 56 набора
[discover] tag 3028: 2136 набора
[discover] уникални: 2255, релевантни: 112 (отпаднали: 2143) -> data/datasets.json
[fetch] 1: Регистър на концесиите в община Бобошево / 6911873f-b15e-4210-83ce-2c0a75e475aa
[fetch] 2: Регистър на концесиите – Община Провадия / 3602554b-d271-431a-8330-d8321846cc1c
[fetch] 3: Регистър на концесиите - Община Венец / 5cea2596-5b85-4d47-bca5-77091a758dd6
[fetch] 4: Регистър на концесиите / 4868ffe6-862b-4fca-881e-12baabdcaa29
[fetch] 5: Регистър на концесиите / 6c46aa84-4405-4cda-b23b-b29752786337
[fetch] 6: Регистър на концесиите / 8c35cdf1-d705-4a5a-822b-e883aaf3f75c
[fetch] 7: Регистър на концесиите на община Сапарева баня / e1229dc2-9fb8-4795-b546-9daf3aca414a
[fetch] 8: Регистър на концесиите / b78c45df-ce1b-4bba-971f-326bce2bd8a8
[fetch] 9: Регистър на концесиите / 7ab2354e-2dae-4c04-b660-1cb1332d33e0
[fetch] 10: Регистър на концесиите / 3aed546d-7384-4a07-b37c-db5122ca16dc
[fetch] 11: Регистър на концесиите / a976b8ce-0785-4e60-825a-a2e7ce93b8e2
[fetch] 12: Регистър на концесиите / 0137ca2b-c125-4b4e-8fdd-bcefce4b8e04
[fetch] 13: Регистър на концесиите / a8082fc8-a365-44d4-af4a-5b524e9fdbbb
[fetch] 14: Регистър на концесиите / ee1b4ca5-1ab1-4f47-aab7-95620c5c43e7
[fetch] 15: Регистър на концесиите 2023 година / b1ced95c-5c52-4a5a-b1fa-2e4e7d8e66c5
[fetch] 16: Регистър на концесиите / eec3bd22-4131-4c55-979a-1e68c8c75474
[fetch] 17: Регистър на концесиите / a22de8ad-eed3-4f2c-8ded-6e178077be15
[fetch] 18: Регистър на концесии 2022 / 72dbc273-0415-4674-beb8-1a43723ab8b3
[fetch] 19: Регистър на концесиите / 6515c510-930f-4fb1-a97a-55e18ccc4717
[fetch] 20: Регистър за предоставените концесии за добив на ми / 6ed60e19-af1b-4882-9636-0b9f0397e958
[fetch] 21: Регистър на концесиите / 95cd3de5-76ea-4cfe-bb24-98129616660b
[fetch] 22: Регистър на концесиите на община Горна Малина / c2bc0686-05c2-4f48-8339-390ae7c3b706
[fetch] 23: Регистър на концесии 2021 г. / a8d0c317-6b63-40e7-ada6-aad627ae60e8
[fetch] 24: Регистър на концесиите / 1081945b-bbb2-4fb4-9cfe-24e66de3b47b
[fetch] 25: Регистър на концесиите / 415153d2-a7da-4c9b-85e0-a752c73361e6
[fetch] 26: Регистър на концесиите / 63ab02fe-78dd-4516-ad04-c1d556cf0c3e
[fetch] 27: Регистър на концесиите / 1e788b44-1e2f-46bf-878c-1a4c348b6f8a
[fetch] 28: Концесии на язовири на Община Чирпан / e8f7e0cb-f0d3-4b54-b1dd-80779f3add00
[fetch] 29: Регистър на концесиите / c37c401a-c9fd-4e99-9ff7-037c1ad8ac97
[fetch] 30: Регистър на концесиите / 618154b6-1a2f-4fb7-9157-240c1b0f6f5f
[fetch] 31: Регистър на концесиите / 24e3f1dc-860e-4832-beb5-873a11f7002e
[fetch] 32: Регистър на концесиите / 480f4cec-d394-40c7-a716-148a484f9d7f
[fetch] 33: Регистър на концесиите / 35dfe740-19fa-423e-8d28-ff110a7a3183
[fetch] 34: Регистър на концесиите / 8506a3c5-d855-4846-ab42-81458fab5fd6
[fetch] 35: Публичен регистър на концесиите 2019 г. / 9c1cdea5-259e-472c-aecf-83bfeb677c10
[fetch] 36: Регистър на концесиите / 517327b7-9107-4def-8efc-893051838b4f
[fetch] 37: Регистър на концесии / 842119cc-52ff-4755-9b51-eab3a0c909e2
[fetch] 38: Регистър на концесиите / bdb7789c-44f1-4d2a-8ed7-dfa7a8946ddd
[fetch] 39: Регистър на концесиите / cc349d65-3222-4afd-abea-ad9b92cc89a9
[fetch] 40: Регистър на концесиите Община Ихтиман / 026c2049-0abf-4395-9703-75bff71deb58
[fetch] 41: Регистър на концесиите Община Ихтиман / 0ec5b872-a515-487d-8f3d-1d4ed2f1c95e
[fetch] 42: Регистър на концесиите / 4c7466d8-4bc6-4ab7-959a-59a3fa98a148
[fetch] 43: Регистър на концесиите / dcc53f46-96aa-4c61-b931-a8d6744e8874
[fetch] 44: Регистър на концесиите / 3880327f-a96c-45e4-a952-d0f68e373694
[fetch] 45: Регистър на концесиите на територията на община Ча / 744474cf-2a8a-43c2-8d5d-4f3cc57445e4
[fetch] 46: Регистър на концесиите / cdaf7271-a40a-49b7-8df6-40506b10c1c1
[fetch] 47: Регистър на концесиите / 46e0807e-0969-44c2-b77d-e0c146e0d7b4
[fetch] 48: Регистър на концесиите / 410cf2f2-4b8f-44ce-83f5-819580e24d11
[fetch] 49: Регистър на концесиите / 1f760aac-d9db-4037-8413-15f292fdfa73
[fetch] 50: Регистър на концесиите / 8c7e1ae7-1f71-4271-98a0-eeb2f724ac7d
[fetch] 51: Регистър на концесиите / 63f73994-609e-48fd-bbe2-7f677d00c133
[fetch] 52: Регистър на концесиите / c1e8f451-4ab8-4be3-96b8-39da3f181f97
[fetch] 53: Регистър на концесиите / 182dff74-9c9b-48c7-bc3f-bfdf257b4850
[fetch] 54: Регистър на концесиите / 48f9891c-7831-4c7f-96b3-85362e8d6317
[fetch] 55: Регистър на концесиите / 1a52e6de-d4dd-439e-904d-3df45fd090d3
[fetch] 56: Регистър на концесиите / fc0ad3a2-c71c-43d4-90df-a004093dc707
[fetch] 57: Регистър на концесиите / 5fea92ba-94f5-40e0-9e49-2a100129c722
[fetch] 58: Община Златица - Регистър на концесиите, предостав / ef01228b-3e79-4fb9-b48e-c85000b727d2
[fetch] 59: РЕГИСТЪР ЗА КОНЦЕСИИТЕ НА ЯЗОВИРИТЕ В ОБЩИНА ЛОЗНИ / d84badb2-478c-4dce-969e-ecfcb80b1050
[fetch] 60: Регистър на концесиите - община Грамада / 3758f190-997b-4b65-a7a0-57c5238d6dfb
[fetch] 61: Регистър на концесиите / f5935e41-3696-48ad-bb0d-fd39dce0af03
[fetch] 62: Регистър на концесиите на община Долна баня / 4410b762-2efc-4b8f-84c8-67155e65349c
[fetch] 63: Регистър на концесиите на община Долна баня / 3fbbaa8a-03d8-47b8-a192-c92704f2ca26
[fetch] 64: Регистър на концесиите 2017 г / f769e05c-9f55-468b-ac44-638f2fcbbc89
[fetch] 65: Регистър на концесиите / a56e87be-c326-4ef5-83ec-ef69dd3c8f89
[fetch] 66: Регистри КСД / 67ab63da-0fd4-4982-8991-ff333c7810ec
[fetch] 67: Регистри КСД / 78b8463e-d05d-48a5-a901-13ed93b5e34a
[fetch] 68: Регистри КСД / b03b1889-5679-45b8-8d9a-28563db9ef96
[fetch] 69: Регистри КСД / a9ccb01b-0cab-4fe3-89ac-0a9d95887e39
[fetch] 70: Регистри КСД / b40f22c4-1d9f-42dd-8597-a1e771838ce7
[fetch] 71: Регистър на концесиите / 8c92292a-4127-4649-a851-d9b9f421d37f
[fetch] 72: Регистър на концесиите на Община Дупница / 67d4a01b-83ab-49de-ba90-577b0c647258
[fetch] 73: Регистър на концесиите / ae441aac-98a4-4348-a9f7-88393e128fe1
[fetch] 74: Регистър на концесиите / 2b64a373-a460-489a-b192-e7f1add2d0c5
[fetch] 75: Регистър на концесиите / 84682a15-05df-46f6-a327-e24e680c9068
[fetch] 76: Регистър на концесиите / 7fd176dc-05d3-4076-9f2f-804ccc9be49a
[fetch] 77: Регистър на концесиите / b8450758-aee4-4337-b1ad-425e7725106a
[fetch] 78: Регистър на концесиите / f539ae87-d218-428e-b343-863ca0ef1ab8
[fetch] 79: Регистър на концесиите / c55cde16-6940-4f92-a4d4-3bb7fb94cd66
[fetch] 80: Регистър на концесиите / 8549d95d-cf8a-413b-85f2-8896e9432436
[fetch] 81: Регистър на общинските концесии / 9515aa8e-5dae-4b6e-8b1e-d3f5ad5311cd
[fetch] 82: Регистър на концесиите на територията на Община Ср / c711047c-d86f-4b45-a73f-d271c479b292
[fetch] 83: Регистър на концесиите на територията на Община Ср / e11aafd5-607d-44e1-9c3a-11b152782ac4
[fetch] 84: Регистър на концесиите / 27feaa86-5485-4c3c-9a06-3eeccffd323c
[fetch] 85: Регистър на концесиите в община Стражица / 40e80b3d-e5ae-4589-80f7-d3bfd42eb550
[fetch] 86: Регистър на концесиите в община Стражица / 18ffa14c-d585-43e0-a663-ba0091cae6b9
[fetch] 87: Регистър на концесиите в община Стражица / 25e11dfc-43cc-450e-84ad-5c616d4aef99
[fetch] 88: Регистър на концесиите / 0d7ec3db-11b8-4420-9646-7b5d92b804f8
[fetch] 89: РЕГИСТЪР НА КОНЦЕСИИТЕ ПРИ ОБЩИНА РОДОПИ / 08565fee-95ad-49a5-918f-e10cffbb9712
[fetch] 90: Регистър на концесиите / f88c27e1-25f4-4051-b0a2-6a83fd3564c5
[fetch] 91: Регистър на концесиите в Община Нови пазар / b618d1e6-9a0f-4fa0-9f31-2797d115245f
[fetch] 92: Регистър на концесиите в Община Нови пазар / 5f714c9b-5ed5-4a6f-bac8-bf1909916856
[fetch] 93: РЕГИСТЪР НА КОНЦЕСИИТЕ В ОБЩИНА НИКОЛАЕВО / 13b3f72f-7414-48d0-8d7a-31c385e00ee0
[fetch] 94: Регистър на концесиите на язовирите в община Аксак / dae1b022-e90e-4a80-95c3-c166d53b1a22
[fetch] 95: Регистър на концесиите при Община Русе / ef69085c-0a68-4081-bd2f-339de2ed6e3d
[fetch] 96: Регистър на концесиите / 210e1bbf-dac8-48c4-af43-ca258938f1a4
[fetch] 97: Регистър на концесиите / 816bdfa0-5228-48f5-970c-436fbdddec73
[fetch] 98: Регистър на концесиите / 5934c279-e2de-407d-8ae6-475b7d9b6cd5
[fetch] 99: Регистър на концесиите в Община Костенец / 0288880a-df5a-44de-9e30-f0a2e9de1802
[fetch] 100: Регистър на концесиите на територията на община Ст / ac41d0ce-615d-4804-9fc2-df3088a8f812
[fetch] 101: Регистър на концесиите Община Попово / 9b817fbc-9841-427b-8369-8d93f764fde8
[fetch] 102: Регистър на концесиите Община Попово / 8a298590-e1ce-4bda-a158-a4095316ab24
[fetch] 103: Регистър на концесиите Община Попово / 8e2ee9d3-ba6a-4914-bd01-320649a9aea5
[fetch] 104: Регистър на концесиите Община Попово / 5958c171-e8f2-4e1f-b856-c078933f65fe
[fetch] 105: Регистър на концесиите Община Попово / 104c8594-bd53-4413-a589-c0798aaca18b
[fetch] 106: Хидромелиорации, инвестиционни политики и концесии / 45d7f189-e2fd-45e2-b89f-dbd904fb95d9
[fetch] 107: Консолидирана фискална програма и национални бюдже / d76b0ab7-0942-4614-8eec-b6295e0d80f7
[fetch] 108: Консолидирана фискална програма и национални бюдже / 06020940-99c8-4cb4-8012-ed7a903a32a6
[fetch] 109: Консолидирана фискална програма и национални бюдже / 81668475-f17c-4fd1-9a1e-6fabbb0f8fda
[fetch] 110: Консолидирана фискална програма и национални бюдже / a9a71aa4-327c-4e4e-b7f3-9bb473262aca
[fetch] 111: Консолидирана фискална програма и национални бюдже / 2b2ddac4-33a7-4fc3-9946-832937d35eff
[fetch] 112: Консолидирана фискална програма и национални бюдже / fe86cdfc-df20-4522-adc2-df5c275ebe9f
[fetch] 113: Консолидирана фискална програма и национални бюдже / 361872e5-07f5-4342-bb5e-b0b5499c7788
[fetch] 114: Консолидирана фискална програма и национални бюдже / 21605c07-69ae-4313-b69f-d0e3dcadccaa
[fetch] 115: Консолидирана фискална програма и национални бюдже / 2447c202-dd4b-49e1-b48c-1e7df6dc0257
[fetch] 116: Консолидирана фискална програма и национални бюдже / 70008458-415f-4f0a-b97e-05d27cfdb3ca
[fetch] 117: Консолидирана фискална програма и национални бюдже / 7c9e5c83-5276-4fd6-a3bd-3c063df2f3d7
[fetch] 118: Консолидирана фискална програма и национални бюдже / 403c7a4d-6a0d-49cc-9784-0a1907805b18
[fetch] 119: Консолидирана фискална програма и национални бюдже / 8503a6cc-c806-4894-9d1d-2d0af8e97acf
[fetch] 120: Консолидирана фискална програма и национални бюдже / b1eaf703-f76d-425a-ac0b-d70a559a473a
[fetch] 121: Консолидирана фискална програма и национални бюдже / 080f4a13-779b-4b93-9fa4-fbb22126bb31
[fetch] 122: Консолидирана фискална програма и национални бюдже / 9fc73617-acfb-448e-b002-0044ec4a9622
[fetch] 123: Консолидирана фискална програма и национални бюдже / 55c50d53-6636-4a38-aec0-056558fffb75
[fetch] 124: Консолидирана фискална програма и национални бюдже / 137b5128-09d7-4a36-9d77-90c481b95510
[fetch] 125: Консолидирана фискална програма и национални бюдже / 3172299e-ce31-46be-b6a2-e254d01d7c28
[fetch] 126: Консолидирана фискална програма и национални бюдже / 8f3a5433-382a-411e-bff6-235985fa5f0e
[fetch] 127: Консолидирана фискална програма и национални бюдже / 08564769-bb17-45f9-995e-5d31e4ba4702
[fetch] 128: Консолидирана фискална програма и национални бюдже / 5a0725d7-95e2-44b9-8d3b-7b1ec3b3d620
[fetch] 129: Консолидирана фискална програма и национални бюдже / a37be1ce-d9d6-4f1e-ba9f-e432bccf23e3
[fetch] 130: Консолидирана фискална програма и национални бюдже / 9132cc00-c2e6-407a-ae19-ae9fb310b056
[fetch] 131: Консолидирана фискална програма и национални бюдже / 260049f2-72a1-408e-99a5-90eee7c0ec93
[fetch] 132: Консолидирана фискална програма и национални бюдже / 8c74d0c5-4f17-4c78-b4b3-d7e77d4adc43
[fetch] 133: Консолидирана фискална програма и национални бюдже / e00a750f-43e0-49df-b533-b5d0ed46ca65
[fetch] 134: Консолидирана фискална програма и национални бюдже / 9fd144f7-0490-44c9-a9ba-8f32786f483a
[fetch] 135: Консолидирана фискална програма и национални бюдже / 8546a221-767f-4bb1-9288-45ebc62309f2
[fetch] 136: Консолидирана фискална програма и национални бюдже / aea4b7b8-76a7-4c62-bd81-1150376af5e2
[fetch] 137: Консолидирана фискална програма и национални бюдже / 7ae36fe9-25ba-4039-a5ba-e9f0b820ec5e
[fetch] 138: Консолидирана фискална програма и национални бюдже / 269964cb-8a5d-4cf1-9ba0-7bb0b846cd82
[fetch] 139: Консолидирана фискална програма и национални бюдже / 968938b5-3d9f-4e28-abe4-11180611d001
[fetch] 140: Консолидирана фискална програма и национални бюдже / cfe6e6f8-7620-4e7b-bb64-dbe0fe119932
[fetch] 141: Консолидирана фискална програма и национални бюдже / a8fd153c-02ba-40f6-912a-3b18f2ddaa8e
[fetch] 142: Консолидирана фискална програма и национални бюдже / 268ae85b-41ac-4c2c-847b-775b297c0f95
[fetch] 143: Консолидирана фискална програма и национални бюдже / 3d983db4-5cd7-46a5-b59e-0291a80fa216
[fetch] 144: Консолидирана фискална програма и национални бюдже / 292b5cca-23c1-4188-9174-273918c57b35
[fetch] 145: Консолидирана фискална програма и национални бюдже / af02b108-f833-4286-9099-ad04004a4520
[fetch] 146: Консолидирана фискална програма и национални бюдже / 7d6d92b6-6b20-495d-80e6-dc5852aca90d
[fetch] 147: Консолидирана фискална програма и национални бюдже / 24c1d021-a32b-4a69-9655-604c50963708
[fetch] 148: Консолидирана фискална програма и национални бюдже / 0be6f082-95dc-4a91-b983-337e66dd1ae1
[fetch] 149: Консолидирана фискална програма и национални бюдже / 3b4a5e14-eadf-49c0-9bea-d918c38cecde
[fetch] 150: Консолидирана фискална програма и национални бюдже / daa3df43-5c88-440d-b049-45daf49faf95
[fetch] 151: Консолидирана фискална програма и национални бюдже / b937bdec-4318-428a-b8ea-06c69cd6d13b
[fetch] 152: Консолидирана фискална програма и национални бюдже / 164a49d5-b3ce-486e-be83-f1e37ad08625
[fetch] 153: Консолидирана фискална програма и национални бюдже / 8db968c7-5160-4cdb-8e67-b444cb1e02d6
[fetch] 154: Консолидирана фискална програма и национални бюдже / dd5ccbf9-7e0e-4e9a-8a22-f951912acf59
[fetch] 155: Консолидирана фискална програма и национални бюдже / 7e16a896-9609-424f-ab18-e97e20011251
[fetch] 156: Консолидирана фискална програма и национални бюдже / dda9a5d5-4b8e-4c4d-ba0d-cfb03b381bad
[fetch] 157: Консолидирана фискална програма и национални бюдже / e9e30789-394c-476f-9c8b-e9fc567c58dd
[fetch] 158: Консолидирана фискална програма и национални бюдже / 36459604-09b2-43b7-a099-bb34ee222d76
[fetch] 159: Консолидирана фискална програма и национални бюдже / ef810586-9ee2-4a24-a321-7a9a6921f29e
[fetch] 160: Консолидирана фискална програма и национални бюдже / f2c2f9b8-74cf-4b72-9489-5d35c1d5a4bf
[fetch] 161: Консолидирана фискална програма и национални бюдже / b562a8a9-3469-4f47-a115-a1b4f8199eea
[fetch] 162: Консолидирана фискална програма и национални бюдже / db315153-867c-414e-9152-79cdba20e8d5
[fetch] 163: Консолидирана фискална програма и национални бюдже / 92ffe84f-b50a-4d09-9865-7308ab79464b
[fetch] 164: Консолидирана фискална програма и национални бюдже / c4b49e11-04f8-4500-8ecf-f86d2a3bae8a
[fetch] 165: Консолидирана фискална програма и национални бюдже / 1ec6659b-da04-4be2-936b-14f87bc45360
[fetch] 166: Консолидирана фискална програма и национални бюдже / 95ca27b9-70b5-4ab7-9f47-3aea0fbf666b
[fetch] 167: Консолидирана фискална програма и национални бюдже / cf38c0a8-8038-4c8d-ba74-f675b221c791
[fetch] 168: Консолидирана фискална програма и национални бюдже / 8aef449b-80e4-40f9-ba76-6f24371b80fa
[fetch] 169: Консолидирана фискална програма и национални бюдже / b984561d-d8ee-48f1-bb69-416267b2d10f
[fetch] 170: Консолидирана фискална програма и национални бюдже / 53219de6-ca71-4304-a66c-21fe9e57cf13
[fetch] 171: Консолидирана фискална програма и национални бюдже / 66298bdd-e344-486f-be08-209f42156c96
[fetch] 172: Консолидирана фискална програма и национални бюдже / de76f901-1fac-4948-ab2d-7773ac561d74
[fetch] 173: Консолидирана фискална програма и национални бюдже / 57fa9c14-fc31-4172-9f60-366cd9ab3137
[fetch] 174: Консолидирана фискална програма и национални бюдже / 491226e9-4e71-4bcf-9fa9-4ac15c9c44bf
[fetch] 175: Консолидирана фискална програма и национални бюдже / dd8e1f92-4fed-4b48-8f68-309a61e103ec
[fetch] 176: Консолидирана фискална програма и национални бюдже / 752884b1-b4b9-4b74-af3e-34de2c4a2e60
[fetch] 177: Консолидирана фискална програма и национални бюдже / d19667b5-ffde-4bcb-a1fb-bab5bc743967
[fetch] 178: Консолидирана фискална програма и национални бюдже / 20e0ae72-f0dc-4471-a221-b9b474df86a1
[fetch] 179: Консолидирана фискална програма и национални бюдже / 3d07a6ad-6f6d-45b9-8ab8-64b0ad79ce70
[fetch] 180: Консолидирана фискална програма и национални бюдже / c4f357e7-ba74-4c5c-8a72-fbe47a77240d
[fetch] 181: Консолидирана фискална програма и национални бюдже / bd954d0d-458e-44f4-9154-85535cb1fa2c
[fetch] 182: Консолидирана фискална програма и национални бюдже / d5d672d8-39e5-4d64-8022-6d5fdadf8bcf
[fetch] 183: Консолидирана фискална програма и национални бюдже / 2e7dd81b-f3d2-4fb1-95e7-7d5abc6ebd57
[fetch] 184: Консолидирана фискална програма и национални бюдже / 7084cb31-cf7e-4648-a746-5d9554214539
[fetch] 185: Консолидирана фискална програма и национални бюдже / 7d9deb41-e85d-422e-999e-95739b2722a8
[fetch] 186: Консолидирана фискална програма и национални бюдже / 611b1fce-8536-4369-9e4a-7451d1de66e8
[fetch] 187: Консолидирана фискална програма и национални бюдже / 87867eef-b4f2-4e54-91c2-2d193c81f6e5
[fetch] 188: Консолидирана фискална програма и национални бюдже / c4e31cdc-c555-47f6-896d-aab0fa43db43
[fetch] 189: Консолидирана фискална програма и национални бюдже / 7dc5f1ab-eee1-4daa-9f52-29184572590e
[fetch] 190: Консолидирана фискална програма и национални бюдже / 0459ba22-4f1b-4a91-be1d-9b1883503f14
[fetch] 191: Консолидирана фискална програма и национални бюдже / 6a746ec7-7c83-4a54-8ae2-535beb335a1f
[fetch] 192: Консолидирана фискална програма и национални бюдже / 1fbf95fc-07e2-49fc-a658-ca36a318bc4d
[fetch] 193: Консолидирана фискална програма и национални бюдже / 396aa811-da26-47e5-a7c0-da1a3faa4462
[fetch] 194: Консолидирана фискална програма и национални бюдже / 72fe98e6-da50-4a18-b06d-48b8ec9542ff
[fetch] 195: Консолидирана фискална програма и национални бюдже / 187e97bc-b0ce-464b-8f64-967c1b79fc83
[fetch] 196: Консолидирана фискална програма и национални бюдже / 2f0eda9d-3ec2-4824-a002-6bf28fa18ae8
[fetch] 197: Консолидирана фискална програма и национални бюдже / bb10c9c8-4639-40ff-9eaf-631ef960d136
[fetch] 198: Консолидирана фискална програма и национални бюдже / f4fca4e3-a1e4-4f83-be11-776286dd8666
[fetch] 199: Консолидирана фискална програма и национални бюдже / e9a8c1df-a853-4a8d-bb93-bed17277c0dd
[fetch] 200: Консолидирана фискална програма и национални бюдже / 149f2ec4-14f1-428b-b28a-17aed9e8bf35
[fetch] 201: Консолидирана фискална програма и национални бюдже / 62b4f29e-f876-4dfe-aa7e-aac83c8d821d
[fetch] 202: Консолидирана фискална програма и национални бюдже / 8642bdcd-8536-45a0-9eaa-e7e944007616
[fetch] 203: Консолидирана фискална програма и национални бюдже / da925b0b-03c2-404e-8b13-135f5f546fb2
[fetch] 204: Консолидирана фискална програма и национални бюдже / 7ff93d25-5ff3-43b5-8c0b-601732ac203c
[fetch] 205: Регистър на концесиите / d6535d57-baa1-4e55-a3e7-c6da4ff24945
[fetch] 206: Регистър за концесии за добив на подземни богатств / 52a85f74-0c67-47c5-8726-b398f90df621
[fetch] 207: РЕГИСТЪР  ЗА НЕДВИЖИМИ ИМОТИ – ПУБЛИЧНА ОБЩИНСКА С / 8763c213-d577-4edb-9fec-e3c29f8bd5ed
[fetch] 208: Общински концесионен регистър 2024 година / 201c800d-890c-4e6e-8e1b-40645b84a55c
[fetch] 209: Национален концесионен регистър / 977b1659-7e96-4aea-9d68-08e3b9741f2d
[fetch] 210: Национален концесионен регистър / 730cbf4e-edc9-402f-96a5-e32829c58e0d
[fetch] 211: Концесионен регистър на община Маджарово / 2c5cd880-cfac-4523-b408-e56c09a2326d
[fetch] 212: ОБЩИНСКИ КОНЦЕСИОНЕН РЕГИСТЪР ОБЩИНА ЛЕВСКИ / f8919af8-6154-4679-ab56-84bdc1524d3c
[fetch] 213: Общински концесионен регистър / 2a7ac6e5-57c8-481c-acb8-1cb825c8b15e
[fetch] 214: Информация от Национален концесионен регистър пред / 2eb7a31d-7328-41ea-964c-ec04f035a012
[fetch] 215: Информация от Национален концесионен регистър пред / f90767ab-b946-4060-b2e7-58e9aa7a9808
[fetch] 216: Информация от Национален концесионен регистър пред / f0d22269-2105-4d89-8c20-211f2bcd25eb
[fetch] 217: Информация от Национален концесионен регистър пред / 1ee2fefe-3091-4dc4-86c9-77525eee0c44
[fetch] 218: Информация от Национален концесионен регистър пред / 7a0b9b7d-d8a7-4d5a-9261-035ef2ad1ce5
[fetch] 219: Информация от Национален концесионен регистър пред / e643cc4b-cffe-404c-bc98-e7ac04760911
[fetch] 220: Информация от Национален концесионен регистър пред / 3ff20179-c264-4d90-a3b9-3438607c818f
[fetch] 221: Информация от Национален концесионен регистър пред / f4911541-e478-473e-afca-a4bab71d5df5
[fetch] 222: Информация от Национален концесионен регистър пред / 114b1226-d1b1-4e9b-b64f-dc750d33c6ab
[fetch] 223: Информация от Национален концесионен регистър пред / 79082b6a-3ba1-40e8-947a-686f46e1fe08
[fetch] 224: Информация от Национален концесионен регистър пред / e3dcebd4-6bb0-47be-bc9e-baa280350bbf
[fetch] 225: Информация от Национален концесионен регистър пред / d6248fed-59c1-4c8c-986a-61fbb9c7c06c
[fetch] 226: Информация от Национален концесионен регистър пред / 7aa3feba-e5d7-4586-9669-8b930714c811
[fetch] 227: Информация от Национален концесионен регистър пред / 7c76cd76-c03d-4965-9de9-824681bfeb11
[fetch] 228: Информация от Национален концесионен регистър пред / f8d90bca-67f2-48a7-8414-bf9772ebd9aa
[fetch] 229: Информация от Национален концесионен регистър пред / bd89d1a8-4a4b-412f-817d-18a929b67399
[fetch] 230: Информация от Национален концесионен регистър пред / 0356ec2f-b5a6-4d24-937b-6edbaa6f4ef7
[fetch] 231: Информация от Национален концесионен регистър пред / 86b07047-ee2c-4371-b57c-9239faf41708
[fetch] 232: Информация от Национален концесионен регистър пред / 55ee946f-ec19-4e0a-9bb9-9c4f2e48ecab
[fetch] 233: Информация от Национален концесионен регистър пред / 501f8f19-3c7e-4ad8-8199-85bdec1339b9
[fetch] 234: Информация от Национален концесионен регистър пред / 37b1dcc7-a93c-4fa4-8f01-07eb6e163610
[fetch] 235: Информация от Национален концесионен регистър пред / 250b0a2a-f80f-471b-8286-aa0aad7ebb5b
[fetch] 236: Информация от Национален концесионен регистър пред / 7093b6a3-18de-47ce-b389-89ca384240bb
[fetch] 237: Информация от Национален концесионен регистър пред / 5e718f91-4998-4a34-9605-01cdd9c28ddf
[fetch] 238: Информация от Национален концесионен регистър пред / cf3e7b43-71f1-4bf5-96cd-76b88560aca9
[fetch] 239: Информация от Национален концесионен регистър пред / 4df71230-f87e-447a-af77-790847689549
[fetch] 240: Информация от Национален концесионен регистър пред / f09996c4-8f86-4eac-831b-30be0125804e
[fetch] 241: Информация от Национален концесионен регистър пред / 143310c9-b4f3-4090-ad23-b05cffae14ab
[fetch] 242: Годишен план за контролната дейност / f6a55166-f3fa-43bc-a25c-95de8d3970f8
[fetch] 243: Годишен план за контролната дейност / f479e462-e645-4795-9004-9ca730a1d656
[fetch] 244: Годишен план за контролната дейност / 593414b6-1129-469a-892f-42eca4e751c7
[fetch] 245: Годишен план за контролната дейност / da628363-6483-4fd3-bcc3-4f2b5f50b6ef
[fetch] 246: Регистър на разрешенията за търсене и проучване на / 7ebf1921-0b92-40ee-9a9d-2f6c3b80eeeb
[fetch] 247: РЕГИСТЪР на дейността на областните комисии и съве / d19d0014-d52e-421b-83a1-f4fb53c0ddee
[fetch] 248: Наеми на язовири на Община Чирпан / 957870dd-7797-4a1f-bfff-be72a69e0889
[fetch] ресурси: 248, свалени: 248, прескочени (вече налични): 0, грешки: 0
[normalize] файлове с таблици: 213, концесии: 59057
[normalize] -> data/normalized/concessions.jsonl
[normalize] неразпознати хедъри -> data/normalized/unmapped_headers.json
