  [!] https://nkr.government.bg/Concessions/Export?file=csv: 500 Server Error: Internal Server Error for url: https://nkr.government.bg/Concessions/Export?file=csv - ретрай 1
  [!] https://nkr.government.bg/Concessions/Export?file=csv: 500 Server Error: Internal Server Error for url: https://nkr.government.bg/Concessions/Export?file=csv - ретрай 2
  [!] https://nkr.government.bg/Concessions/Export?file=csv: 500 Server Error: Internal Server Error for url: https://nkr.government.bg/Concessions/Export?file=csv - ретрай 3
[export] неуспешен: 500 Server Error: Internal Server Error for url: https://nkr.government.bg/Concessions/Export?file=csv
[index] concessions: общо 1434
[index] concessions стр.1: 20 реда (20 нови)
[index] concessions стр.2: 20 реда (20 нови)
[index] concessions стр.3: 20 реда (20 нови)
[index] concessions стр.4: 20 реда (20 нови)
[index] concessions стр.5: 20 реда (20 нови)
[index] concessions стр.6: 20 реда (20 нови)
[index] concessions стр.7: 20 реда (20 нови)
[index] concessions стр.8: 20 реда (20 нови)
[index] concessions стр.9: 20 реда (20 нови)
[index] concessions стр.10: 20 реда (20 нови)
[index] concessions стр.11: 20 реда (20 нови)
[index] concessions стр.12: 20 реда (20 нови)
[index] concessions стр.13: 20 реда (20 нови)
[index] concessions стр.14: 20 реда (20 нови)
[index] concessions стр.15: 20 реда (20 нови)
[index] concessions стр.16: 20 реда (20 нови)
[index] concessions стр.17: 20 реда (20 нови)
[index] concessions стр.18: 20 реда (20 нови)
[index] concessions стр.19: 20 реда (20 нови)
[index] concessions стр.20: 20 реда (20 нови)
[index] concessions стр.21: 20 реда (20 нови)
[index] concessions стр.22: 20 реда (20 нови)
[index] concessions стр.23: 20 реда (20 нови)
[index] concessions стр.24: 20 реда (20 нови)
[index] concessions стр.25: 20 реда (20 нови)
[index] concessions стр.26: 20 реда (20 нови)
[index] concessions стр.27: 20 реда (20 нови)
[index] concessions стр.28: 20 реда (20 нови)
[index] concessions стр.29: 20 реда (20 нови)
[index] concessions стр.30: 20 реда (20 нови)
[index] concessions стр.31: 20 реда (20 нови)
[index] concessions стр.32: 20 реда (20 нови)
[index] concessions стр.33: 20 реда (20 нови)
[index] concessions стр.34: 20 реда (20 нови)
[index] concessions стр.35: 20 реда (20 нови)
[index] concessions стр.36: 20 реда (20 нови)
[index] concessions стр.37: 20 реда (20 нови)
[index] concessions стр.38: 20 реда (20 нови)
[index] concessions стр.39: 20 реда (20 нови)
[index] concessions стр.40: 20 реда (20 нови)
[index] concessions стр.41: 20 реда (20 нови)
[index] concessions стр.42: 20 реда (20 нови)
[index] concessions стр.43: 20 реда (20 нови)
[index] concessions стр.44: 20 реда (20 нови)
[index] concessions стр.45: 20 реда (20 нови)
[index] concessions стр.46: 20 реда (20 нови)
[index] concessions стр.47: 20 реда (20 нови)
[index] concessions стр.48: 20 реда (20 нови)
[index] concessions стр.49: 20 реда (20 нови)
[index] concessions стр.50: 20 реда (20 нови)
[index] concessions стр.51: 20 реда (20 нови)
[index] concessions стр.52: 20 реда (20 нови)
[index] concessions стр.53: 20 реда (20 нови)
[index] concessions стр.54: 20 реда (20 нови)
[index] concessions стр.55: 20 реда (20 нови)
[index] concessions стр.56: 20 реда (20 нови)
[index] concessions стр.57: 20 реда (20 нови)
[index] concessions стр.58: 20 реда (20 нови)
[index] concessions стр.59: 20 реда (20 нови)
[index] concessions стр.60: 20 реда (20 нови)
[index] concessions стр.61: 20 реда (20 нови)
[index] concessions стр.62: 20 реда (20 нови)
[index] concessions стр.63: 20 реда (20 нови)
[index] concessions стр.64: 20 реда (20 нови)
[index] concessions стр.65: 20 реда (20 нови)
[index] concessions стр.66: 20 реда (20 нови)
[index] concessions стр.67: 20 реда (20 нови)
[index] concessions стр.68: 20 реда (20 нови)
[index] concessions стр.69: 20 реда (20 нови)
[index] concessions стр.70: 20 реда (20 нови)
[index] concessions стр.71: 20 реда (20 нови)
[index] concessions стр.72: 14 реда (14 нови)
[index] concessions: 1434 записа -> nkr_data/index/concessions.jsonl
[index] procedures: общо 222
[index] procedures стр.1: 20 реда (20 нови)
[index] procedures стр.2: 20 реда (20 нови)
[index] procedures стр.3: 20 реда (20 нови)
[index] procedures стр.4: 20 реда (20 нови)
[index] procedures стр.5: 20 реда (20 нови)
[index] procedures стр.6: 20 реда (20 нови)
[index] procedures стр.7: 20 реда (20 нови)
[index] procedures стр.8: 20 реда (20 нови)
[index] procedures стр.9: 20 реда (20 нови)
[index] procedures стр.10: 20 реда (20 нови)
[index] procedures стр.11: 20 реда (20 нови)
[index] procedures стр.12: 2 реда (2 нови)
[index] procedures: 222 записа -> nkr_data/index/procedures.jsonl
[details] 1656 уникални GUID-а
[details] 25/1656
[details] 50/1656
[details] 75/1656
[details] 100/1656
[details] 125/1656
[details] 150/1656
[details] 175/1656
[details] 200/1656
[details] 225/1656
[details] 250/1656
[details] 275/1656
[details] 300/1656
[details] 325/1656
[details] 350/1656
[details] 375/1656
[details] 400/1656
[details] 425/1656
[details] 450/1656
[details] 475/1656
[details] 500/1656
[details] 525/1656
[details] 550/1656
[details] 575/1656
[details] 600/1656
[details] 625/1656
[details] 650/1656
[details] 675/1656
[details] 700/1656
[details] 725/1656
[details] 750/1656
[details] 775/1656
[details] 800/1656
[details] 825/1656
[details] 850/1656
[details] 875/1656
[details] 900/1656
[details] 925/1656
[details] 950/1656
[details] 975/1656
[details] 1000/1656
[details] 1025/1656
[details] 1050/1656
[details] 1075/1656
[details] 1100/1656
[details] 1125/1656
[details] 1150/1656
[details] 1175/1656
[details] 1200/1656
[details] 1225/1656
[details] 1250/1656
[details] 1275/1656
[details] 1300/1656
[details] 1325/1656
[details] 1350/1656
[details] 1375/1656
[details] 1400/1656
[details] 1425/1656
[details] 1450/1656
[details] 1475/1656
[details] 1500/1656
[details] 1525/1656
[details] 1550/1656
[details] 1575/1656
[details] 1600/1656
[details] 1625/1656
[details] 1650/1656
[details] готово
[parse] 50
[parse] 100
[parse] 150
[parse] 200
[parse] 250
[parse] 300
[parse] 350
[parse] 400
[parse] 450
[parse] 500
[parse] 550
[parse] 600
[parse] 650
[parse] 700
[parse] 750
[parse] 800
[parse] 850
[parse] 900
[parse] 950
[parse] 1000
[parse] 1050
[parse] 1100
[parse] 1150
[parse] 1200
[parse] 1250
[parse] 1300
[parse] 1350
[parse] 1400
[parse] 1450
[parse] 1500
[parse] 1550
[parse] 1600
[parse] 1650
[parse] структурирани партиди: 1656 -> nkr_data/parsed
